2024-12-27 17:45:18,069 - INFO - Starting Kraken Bot...
2024-12-27 17:45:18,100 - DEBUG - Loading KWallet
2024-12-27 17:45:18,100 - DEBUG - Loading SecretService
2024-12-27 17:45:18,100 - DEBUG - Loading Windows
2024-12-27 17:45:18,116 - DEBUG - Loaded cffi backend
2024-12-27 17:45:18,334 - DEBUG - Loading chainer
2024-12-27 17:45:18,350 - DEBUG - Loading libsecret
2024-12-27 17:45:18,350 - DEBUG - Loading macOS
2024-12-27 17:45:18,366 - INFO - API credentials loaded from keyring.
2024-12-27 17:45:18,366 - DEBUG - API Key: 6h1+i86joJVhEavxTKRVU+zBV2c8iJYVgyaBak+xfc2cGqYSuw11YmF3, API Secret: RMcUBeLxv51cWIWk7sM3KMMJbgxTYW1Xn3twrXom0hupH/8bi2FWCnWTN0gjO/GWI5JNFcjtKoDxJxgTEZ5/gA==
2024-12-27 17:45:18,459 - ERROR - An error occurred: KrakenBotGUI.__init__() takes 2 positional arguments but 4 were given
2024-12-27 17:45:47,965 - INFO - Starting Kraken Bot...
2024-12-27 17:45:48,006 - DEBUG - Loading KWallet
2024-12-27 17:45:48,006 - DEBUG - Loading SecretService
2024-12-27 17:45:48,006 - DEBUG - Loading Windows
2024-12-27 17:45:48,022 - DEBUG - Loaded cffi backend
2024-12-27 17:45:48,262 - DEBUG - Loading chainer
2024-12-27 17:45:48,262 - DEBUG - Loading libsecret
2024-12-27 17:45:48,278 - DEBUG - Loading macOS
2024-12-27 17:45:48,294 - INFO - API credentials loaded from keyring.
2024-12-27 17:45:48,294 - DEBUG - API Key: 6h1+i86joJVhEavxTKRVU+zBV2c8iJYVgyaBak+xfc2cGqYSuw11YmF3, API Secret: RMcUBeLxv51cWIWk7sM3KMMJbgxTYW1Xn3twrXom0hupH/8bi2FWCnWTN0gjO/GWI5JNFcjtKoDxJxgTEZ5/gA==
2024-12-27 17:45:48,387 - ERROR - An error occurred: KrakenBotGUI.__init__() takes 2 positional arguments but 4 were given
2024-12-27 17:47:01,084 - INFO - Starting Kraken Bot...
2024-12-27 17:47:06,646 - DEBUG - Loading KWallet
2024-12-27 17:47:06,646 - DEBUG - Loading SecretService
2024-12-27 17:47:06,646 - DEBUG - Loading Windows
2024-12-27 17:47:06,677 - DEBUG - Loaded cffi backend
2024-12-27 17:47:06,927 - DEBUG - Loading chainer
2024-12-27 17:47:06,927 - DEBUG - Loading libsecret
2024-12-27 17:47:06,927 - DEBUG - Loading macOS
2024-12-27 17:47:09,683 - INFO - API credentials loaded from keyring.
2024-12-27 17:47:18,468 - DEBUG - API Key: 6h1+i86joJVhEavxTKRVU+zBV2c8iJYVgyaBak+xfc2cGqYSuw11YmF3, API Secret: RMcUBeLxv51cWIWk7sM3KMMJbgxTYW1Xn3twrXom0hupH/8bi2FWCnWTN0gjO/GWI5JNFcjtKoDxJxgTEZ5/gA==
2024-12-27 17:51:46,071 - INFO - Starting Kraken Bot...
2024-12-27 17:51:46,111 - DEBUG - Loading KWallet
2024-12-27 17:51:46,111 - DEBUG - Loading SecretService
2024-12-27 17:51:46,111 - DEBUG - Loading Windows
2024-12-27 17:51:46,142 - DEBUG - Loaded cffi backend
2024-12-27 17:51:46,361 - DEBUG - Loading chainer
2024-12-27 17:51:46,361 - DEBUG - Loading libsecret
2024-12-27 17:51:46,361 - DEBUG - Loading macOS
2024-12-27 17:51:46,376 - INFO - API credentials loaded from keyring.
2024-12-27 17:51:46,376 - DEBUG - API Key: 6h1+i86joJVhEavxTKRVU+zBV2c8iJYVgyaBak+xfc2cGqYSuw11YmF3, API Secret: RMcUBeLxv51cWIWk7sM3KMMJbgxTYW1Xn3twrXom0hupH/8bi2FWCnWTN0gjO/GWI5JNFcjtKoDxJxgTEZ5/gA==
2024-12-27 17:51:46,470 - INFO - Connected to Kraken API.
2024-12-27 17:51:46,501 - INFO - Fetching balance...
2024-12-27 17:51:46,517 - DEBUG - Starting new HTTPS connection (1): api.kraken.com:443
2024-12-27 17:51:46,908 - DEBUG - https://api.kraken.com:443 "POST /0/private/Balance HTTP/11" 200 None
2024-12-27 17:51:46,954 - INFO - Balance response: {'error': [], 'result': {'ACA': '0.0000000000', 'ADA': '0.00000000', 'ADA.F': '0.00788669', 'ADA.S': '0.00000000', 'AIR': '0.0000000000', 'ALCX': '0.0000000000', 'ALICE': '0.0000000000', 'ANT': '0.0000000000', 'ARPA': '0.00000000', 'AVAX': '0.0000000000', 'BADGER': '0.0000000000', 'BAT': '0.0000000000', 'BCH': '0.0000000000', 'BICO': '0.0000000000', 'BIT': '0.0000000000', 'BONK': '0.00', 'BRICK': '0.0000', 'BSX': '0.00', 'CFG': '0.0000000000', 'CHF': '0.0015', 'CHF.HOLD': '0.0000', 'COTI': '0.0000000000', 'CQT': '136.4307187700', 'CRV': '0.0000000000', 'CSM': '0.000000', 'CXT': '0.00000', 'DASH': '0.0000035300', 'DYDX': '0.0000086700', 'ENJ': '0.0000000000', 'EUR.HOLD': '0.0000', 'FET': '0.0000000000', 'FIL': '0.0000000000', 'FIS': '0.0000000000', 'FLOW': '0.0000000000', 'FLOW.F': '0.0000006470', 'FLOW.S': '0.0000000078', 'FLOW14.S': '0.0000000000', 'FORTH': '0.0000000000', 'FXS': '0.0000000000', 'GAL': '0.000000', 'GST': '0.0000000000', 'INTR': '0.00000000', 'JUP': '0.00000', 'KAR': '0.0000000000', 'KIN': '0.00000000', 'KINT': '0.0000000000', 'KNC': '0.0000000000', 'KSM': '0.0000000000', 'KSM.F': '0.0000009398', 'KSM.S': '0.0000000000', 'KSM07.S': '0.0008862843', 'LINK': '0.0000000016', 'LMWR': '0.00000', 'MANA': '0.0000073362', 'MC': '0.0000000000', 'MINA': '0.0000000000', 'MINA.F': '0.0000213456', 'MINA.S': '6.2959137983', 'MIR': '0.0000000000', 'MNGO': '0.00000000', 'MV': '0.0000000000', 'NANO': '0.0000000000', 'NEAR': '0.00000000', 'NODL': '0.000000', 'NYM': '0.0000000000', 'OCEAN': '0.0000000000', 'ORCA': '0.00000000', 'PEPE': '0.00', 'PERP': '0.0000000000', 'POL': '0.0000000000', 'POWR': '0.0000000000', 'PSTAKE': '0.0000000000', 'PYTH': '0.00000', 'PYUSD': '0.00000000', 'QTUM': '0.0000000400', 'RARE': '0.0000000000', 'RARI': '0.0000000000', 'RNDR': '0.0000000000', 'ROOK': '0.0000000000', 'RUNE': '0.0000000000', 'SAMO': '0.00000000', 'SBR': '0.00000000', 'SC': '0.0000000000', 'SCRT': '0.00000000', 'SCRT.S': '0.02872664', 'SHIB': '0.00000', 'SOL': '0.0000000000', 'SOL.F': '0.0000000225', 'SOL.S': '0.0001199506', 'SPELL': '0.0000000000', 'STEP': '0.00000000', 'STG': '0.00001', 'STX': '0.00000', 'SUSHI': '0.0000000000', 'T': '0.0000000000', 'TBTC': '0.0000000000', 'TEER': '0.00000000', 'TIA': '0.000000', 'TLM': '0.0000000000', 'TRX': '0.00000000', 'TVK': '0.0000000000', 'UNI': '0.0000000000', 'USDC': '0.00000000', 'USDC.F': '0.00005239', 'WIF': '0.00000', 'XBT.M': '0.0000000085', 'XETC': '0.0000000000', 'XLTC': '0.0000000000', 'XRT': '0.0000000000', 'XXBT': '0.0000000000', 'XXDG': '0.00000000', 'XXMR': '0.0000000000', 'XXRP': '0.00000000', 'YGG': '0.0000000000', 'ZEUR': '85.9382', 'ZRX': '0.0000000000', 'ZUSD': '0.0000'}}
2024-12-27 17:51:47,192 - INFO - Valid balance: {'CQT': 136.43071877}
2024-12-27 17:51:47,489 - DEBUG - https://api.kraken.com:443 "GET /0/public/Ticker?pair=CQTEUR HTTP/11" 200 None
2024-12-27 17:51:47,505 - INFO - Fetching order history for CQTEUR...
2024-12-27 17:51:47,799 - DEBUG - https://api.kraken.com:443 "POST /0/private/TradesHistory HTTP/11" 200 None
2024-12-27 17:51:47,828 - WARNING - No buy price found for CQTEUR.
2024-12-27 17:51:47,961 - DEBUG - https://api.kraken.com:443 "GET /0/public/Ticker?pair=CQTEUR HTTP/11" 200 None
2024-12-27 17:51:47,992 - INFO - Fetching balance...
2024-12-27 17:51:48,430 - DEBUG - https://api.kraken.com:443 "POST /0/private/Balance HTTP/11" 200 None
2024-12-27 17:51:48,461 - INFO - Balance response: {'error': [], 'result': {'ACA': '0.0000000000', 'ADA': '0.00000000', 'ADA.F': '0.00788669', 'ADA.S': '0.00000000', 'AIR': '0.0000000000', 'ALCX': '0.0000000000', 'ALICE': '0.0000000000', 'ANT': '0.0000000000', 'ARPA': '0.00000000', 'AVAX': '0.0000000000', 'BADGER': '0.0000000000', 'BAT': '0.0000000000', 'BCH': '0.0000000000', 'BICO': '0.0000000000', 'BIT': '0.0000000000', 'BONK': '0.00', 'BRICK': '0.0000', 'BSX': '0.00', 'CFG': '0.0000000000', 'CHF': '0.0015', 'CHF.HOLD': '0.0000', 'COTI': '0.0000000000', 'CQT': '136.4307187700', 'CRV': '0.0000000000', 'CSM': '0.000000', 'CXT': '0.00000', 'DASH': '0.0000035300', 'DYDX': '0.0000086700', 'ENJ': '0.0000000000', 'EUR.HOLD': '0.0000', 'FET': '0.0000000000', 'FIL': '0.0000000000', 'FIS': '0.0000000000', 'FLOW': '0.0000000000', 'FLOW.F': '0.0000006470', 'FLOW.S': '0.0000000078', 'FLOW14.S': '0.0000000000', 'FORTH': '0.0000000000', 'FXS': '0.0000000000', 'GAL': '0.000000', 'GST': '0.0000000000', 'INTR': '0.00000000', 'JUP': '0.00000', 'KAR': '0.0000000000', 'KIN': '0.00000000', 'KINT': '0.0000000000', 'KNC': '0.0000000000', 'KSM': '0.0000000000', 'KSM.F': '0.0000009398', 'KSM.S': '0.0000000000', 'KSM07.S': '0.0008862843', 'LINK': '0.0000000016', 'LMWR': '0.00000', 'MANA': '0.0000073362', 'MC': '0.0000000000', 'MINA': '0.0000000000', 'MINA.F': '0.0000213456', 'MINA.S': '6.2959137983', 'MIR': '0.0000000000', 'MNGO': '0.00000000', 'MV': '0.0000000000', 'NANO': '0.0000000000', 'NEAR': '0.00000000', 'NODL': '0.000000', 'NYM': '0.0000000000', 'OCEAN': '0.0000000000', 'ORCA': '0.00000000', 'PEPE': '0.00', 'PERP': '0.0000000000', 'POL': '0.0000000000', 'POWR': '0.0000000000', 'PSTAKE': '0.0000000000', 'PYTH': '0.00000', 'PYUSD': '0.00000000', 'QTUM': '0.0000000400', 'RARE': '0.0000000000', 'RARI': '0.0000000000', 'RNDR': '0.0000000000', 'ROOK': '0.0000000000', 'RUNE': '0.0000000000', 'SAMO': '0.00000000', 'SBR': '0.00000000', 'SC': '0.0000000000', 'SCRT': '0.00000000', 'SCRT.S': '0.02872664', 'SHIB': '0.00000', 'SOL': '0.0000000000', 'SOL.F': '0.0000000225', 'SOL.S': '0.0001199506', 'SPELL': '0.0000000000', 'STEP': '0.00000000', 'STG': '0.00001', 'STX': '0.00000', 'SUSHI': '0.0000000000', 'T': '0.0000000000', 'TBTC': '0.0000000000', 'TEER': '0.00000000', 'TIA': '0.000000', 'TLM': '0.0000000000', 'TRX': '0.00000000', 'TVK': '0.0000000000', 'UNI': '0.0000000000', 'USDC': '0.00000000', 'USDC.F': '0.00005239', 'WIF': '0.00000', 'XBT.M': '0.0000000085', 'XETC': '0.0000000000', 'XLTC': '0.0000000000', 'XRT': '0.0000000000', 'XXBT': '0.0000000000', 'XXDG': '0.00000000', 'XXMR': '0.0000000000', 'XXRP': '0.00000000', 'YGG': '0.0000000000', 'ZEUR': '85.9382', 'ZRX': '0.0000000000', 'ZUSD': '0.0000'}}
2024-12-27 17:51:48,695 - INFO - Valid balance: {'CQT': 136.43071877}
2024-12-27 17:51:49,071 - DEBUG - https://api.kraken.com:443 "GET /0/public/Ticker?pair=CQTEUR HTTP/11" 200 None
2024-12-27 17:51:49,102 - INFO - Fetching order history for CQTEUR...
2024-12-27 17:51:49,586 - DEBUG - https://api.kraken.com:443 "POST /0/private/TradesHistory HTTP/11" 200 None
2024-12-27 17:51:49,617 - WARNING - No buy price found for CQTEUR.
2024-12-27 17:51:49,680 - DEBUG - https://api.kraken.com:443 "GET /0/public/Ticker?pair=CQTEUR HTTP/11" 200 None
2024-12-27 17:51:49,727 - INFO - GUI initialized. Starting main loop...
2024-12-27 17:52:49,732 - INFO - Fetching balance...
2024-12-27 17:52:50,060 - DEBUG - https://api.kraken.com:443 "POST /0/private/Balance HTTP/11" 200 None
2024-12-27 17:52:50,075 - INFO - Balance response: {'error': [], 'result': {'ACA': '0.0000000000', 'ADA': '0.00000000', 'ADA.F': '0.00788669', 'ADA.S': '0.00000000', 'AIR': '0.0000000000', 'ALCX': '0.0000000000', 'ALICE': '0.0000000000', 'ANT': '0.0000000000', 'ARPA': '0.00000000', 'AVAX': '0.0000000000', 'BADGER': '0.0000000000', 'BAT': '0.0000000000', 'BCH': '0.0000000000', 'BICO': '0.0000000000', 'BIT': '0.0000000000', 'BONK': '0.00', 'BRICK': '0.0000', 'BSX': '0.00', 'CFG': '0.0000000000', 'CHF': '0.0015', 'CHF.HOLD': '0.0000', 'COTI': '0.0000000000', 'CQT': '136.4307187700', 'CRV': '0.0000000000', 'CSM': '0.000000', 'CXT': '0.00000', 'DASH': '0.0000035300', 'DYDX': '0.0000086700', 'ENJ': '0.0000000000', 'EUR.HOLD': '0.0000', 'FET': '0.0000000000', 'FIL': '0.0000000000', 'FIS': '0.0000000000', 'FLOW': '0.0000000000', 'FLOW.F': '0.0000006470', 'FLOW.S': '0.0000000078', 'FLOW14.S': '0.0000000000', 'FORTH': '0.0000000000', 'FXS': '0.0000000000', 'GAL': '0.000000', 'GST': '0.0000000000', 'INTR': '0.00000000', 'JUP': '0.00000', 'KAR': '0.0000000000', 'KIN': '0.00000000', 'KINT': '0.0000000000', 'KNC': '0.0000000000', 'KSM': '0.0000000000', 'KSM.F': '0.0000009398', 'KSM.S': '0.0000000000', 'KSM07.S': '0.0008862843', 'LINK': '0.0000000016', 'LMWR': '0.00000', 'MANA': '0.0000073362', 'MC': '0.0000000000', 'MINA': '0.0000000000', 'MINA.F': '0.0000213456', 'MINA.S': '6.2959137983', 'MIR': '0.0000000000', 'MNGO': '0.00000000', 'MV': '0.0000000000', 'NANO': '0.0000000000', 'NEAR': '0.00000000', 'NODL': '0.000000', 'NYM': '0.0000000000', 'OCEAN': '0.0000000000', 'ORCA': '0.00000000', 'PEPE': '0.00', 'PERP': '0.0000000000', 'POL': '0.0000000000', 'POWR': '0.0000000000', 'PSTAKE': '0.0000000000', 'PYTH': '0.00000', 'PYUSD': '0.00000000', 'QTUM': '0.0000000400', 'RARE': '0.0000000000', 'RARI': '0.0000000000', 'RNDR': '0.0000000000', 'ROOK': '0.0000000000', 'RUNE': '0.0000000000', 'SAMO': '0.00000000', 'SBR': '0.00000000', 'SC': '0.0000000000', 'SCRT': '0.00000000', 'SCRT.S': '0.02872664', 'SHIB': '0.00000', 'SOL': '0.0000000000', 'SOL.F': '0.0000000225', 'SOL.S': '0.0001199506', 'SPELL': '0.0000000000', 'STEP': '0.00000000', 'STG': '0.00001', 'STX': '0.00000', 'SUSHI': '0.0000000000', 'T': '0.0000000000', 'TBTC': '0.0000000000', 'TEER': '0.00000000', 'TIA': '0.000000', 'TLM': '0.0000000000', 'TRX': '0.00000000', 'TVK': '0.0000000000', 'UNI': '0.0000000000', 'USDC': '0.00000000', 'USDC.F': '0.00005239', 'WIF': '0.00000', 'XBT.M': '0.0000000085', 'XETC': '0.0000000000', 'XLTC': '0.0000000000', 'XRT': '0.0000000000', 'XXBT': '0.0000000000', 'XXDG': '0.00000000', 'XXMR': '0.0000000000', 'XXRP': '0.00000000', 'YGG': '0.0000000000', 'ZEUR': '85.9382', 'ZRX': '0.0000000000', 'ZUSD': '0.0000'}}
2024-12-27 17:52:50,122 - INFO - Valid balance: {'CQT': 136.43071877}
2024-12-27 17:52:50,357 - DEBUG - https://api.kraken.com:443 "GET /0/public/Ticker?pair=CQTEUR HTTP/11" 200 None
2024-12-27 17:52:50,388 - INFO - Fetching order history for CQTEUR...
2024-12-27 17:52:50,747 - DEBUG - https://api.kraken.com:443 "POST /0/private/TradesHistory HTTP/11" 200 None
2024-12-27 17:52:50,763 - WARNING - No buy price found for CQTEUR.
2024-12-27 17:52:50,872 - DEBUG - https://api.kraken.com:443 "GET /0/public/Ticker?pair=CQTEUR HTTP/11" 200 None
2024-12-27 17:53:03,635 - ERROR - Error importing favorites: Favorites.save_favorites() takes 1 positional argument but 2 were given
2024-12-27 17:54:29,373 - INFO - Starting Kraken Bot...
2024-12-27 17:54:29,404 - DEBUG - Loading KWallet
2024-12-27 17:54:29,404 - DEBUG - Loading SecretService
2024-12-27 17:54:29,404 - DEBUG - Loading Windows
2024-12-27 17:54:29,435 - DEBUG - Loaded cffi backend
2024-12-27 17:54:29,654 - DEBUG - Loading chainer
2024-12-27 17:54:29,654 - DEBUG - Loading libsecret
2024-12-27 17:54:29,654 - DEBUG - Loading macOS
2024-12-27 17:54:29,670 - INFO - API credentials loaded from keyring.
2024-12-27 17:54:29,670 - DEBUG - API Key: 6h1+i86joJVhEavxTKRVU+zBV2c8iJYVgyaBak+xfc2cGqYSuw11YmF3, API Secret: RMcUBeLxv51cWIWk7sM3KMMJbgxTYW1Xn3twrXom0hupH/8bi2FWCnWTN0gjO/GWI5JNFcjtKoDxJxgTEZ5/gA==
2024-12-27 17:54:29,764 - INFO - Connected to Kraken API.
2024-12-27 17:54:29,764 - INFO - Favorites loaded from favorites.json.
2024-12-27 17:54:29,779 - INFO - Fetching balance...
2024-12-27 17:54:29,795 - DEBUG - Starting new HTTPS connection (1): api.kraken.com:443
2024-12-27 17:54:30,264 - DEBUG - https://api.kraken.com:443 "POST /0/private/Balance HTTP/11" 200 None
2024-12-27 17:54:30,311 - INFO - Balance response: {'error': [], 'result': {'ACA': '0.0000000000', 'ADA': '0.00000000', 'ADA.F': '0.00788669', 'ADA.S': '0.00000000', 'AIR': '0.0000000000', 'ALCX': '0.0000000000', 'ALICE': '0.0000000000', 'ANT': '0.0000000000', 'ARPA': '0.00000000', 'AVAX': '0.0000000000', 'BADGER': '0.0000000000', 'BAT': '0.0000000000', 'BCH': '0.0000000000', 'BICO': '0.0000000000', 'BIT': '0.0000000000', 'BONK': '0.00', 'BRICK': '0.0000', 'BSX': '0.00', 'CFG': '0.0000000000', 'CHF': '0.0015', 'CHF.HOLD': '0.0000', 'COTI': '0.0000000000', 'CQT': '136.4307187700', 'CRV': '0.0000000000', 'CSM': '0.000000', 'CXT': '0.00000', 'DASH': '0.0000035300', 'DYDX': '0.0000086700', 'ENJ': '0.0000000000', 'EUR.HOLD': '0.0000', 'FET': '0.0000000000', 'FIL': '0.0000000000', 'FIS': '0.0000000000', 'FLOW': '0.0000000000', 'FLOW.F': '0.0000006470', 'FLOW.S': '0.0000000078', 'FLOW14.S': '0.0000000000', 'FORTH': '0.0000000000', 'FXS': '0.0000000000', 'GAL': '0.000000', 'GST': '0.0000000000', 'INTR': '0.00000000', 'JUP': '0.00000', 'KAR': '0.0000000000', 'KIN': '0.00000000', 'KINT': '0.0000000000', 'KNC': '0.0000000000', 'KSM': '0.0000000000', 'KSM.F': '0.0000009398', 'KSM.S': '0.0000000000', 'KSM07.S': '0.0008862843', 'LINK': '0.0000000016', 'LMWR': '0.00000', 'MANA': '0.0000073362', 'MC': '0.0000000000', 'MINA': '0.0000000000', 'MINA.F': '0.0000213456', 'MINA.S': '6.2959137983', 'MIR': '0.0000000000', 'MNGO': '0.00000000', 'MV': '0.0000000000', 'NANO': '0.0000000000', 'NEAR': '0.00000000', 'NODL': '0.000000', 'NYM': '0.0000000000', 'OCEAN': '0.0000000000', 'ORCA': '0.00000000', 'PEPE': '0.00', 'PERP': '0.0000000000', 'POL': '0.0000000000', 'POWR': '0.0000000000', 'PSTAKE': '0.0000000000', 'PYTH': '0.00000', 'PYUSD': '0.00000000', 'QTUM': '0.0000000400', 'RARE': '0.0000000000', 'RARI': '0.0000000000', 'RNDR': '0.0000000000', 'ROOK': '0.0000000000', 'RUNE': '0.0000000000', 'SAMO': '0.00000000', 'SBR': '0.00000000', 'SC': '0.0000000000', 'SCRT': '0.00000000', 'SCRT.S': '0.02872664', 'SHIB': '0.00000', 'SOL': '0.0000000000', 'SOL.F': '0.0000000225', 'SOL.S': '0.0001199506', 'SPELL': '0.0000000000', 'STEP': '0.00000000', 'STG': '0.00001', 'STX': '0.00000', 'SUSHI': '0.0000000000', 'T': '0.0000000000', 'TBTC': '0.0000000000', 'TEER': '0.00000000', 'TIA': '0.000000', 'TLM': '0.0000000000', 'TRX': '0.00000000', 'TVK': '0.0000000000', 'UNI': '0.0000000000', 'USDC': '0.00000000', 'USDC.F': '0.00005239', 'WIF': '0.00000', 'XBT.M': '0.0000000085', 'XETC': '0.0000000000', 'XLTC': '0.0000000000', 'XRT': '0.0000000000', 'XXBT': '0.0000000000', 'XXDG': '0.00000000', 'XXMR': '0.0000000000', 'XXRP': '0.00000000', 'YGG': '0.0000000000', 'ZEUR': '85.9382', 'ZRX': '0.0000000000', 'ZUSD': '0.0000'}}
2024-12-27 17:54:30,545 - INFO - Valid balance: {'CQT': 136.43071877}
2024-12-27 17:54:30,795 - DEBUG - https://api.kraken.com:443 "GET /0/public/Ticker?pair=CQTEUR HTTP/11" 200 None
2024-12-27 17:54:30,826 - INFO - Fetching order history for CQTEUR...
2024-12-27 17:54:31,186 - DEBUG - https://api.kraken.com:443 "POST /0/private/TradesHistory HTTP/11" 200 None
2024-12-27 17:54:31,217 - WARNING - No buy price found for CQTEUR.
2024-12-27 17:54:31,357 - DEBUG - https://api.kraken.com:443 "GET /0/public/Ticker?pair=CQTEUR HTTP/11" 200 None
2024-12-27 17:54:31,389 - INFO - Fetching balance...
2024-12-27 17:54:31,702 - DEBUG - https://api.kraken.com:443 "POST /0/private/Balance HTTP/11" 200 None
2024-12-27 17:54:31,733 - INFO - Balance response: {'error': [], 'result': {'ACA': '0.0000000000', 'ADA': '0.00000000', 'ADA.F': '0.00788669', 'ADA.S': '0.00000000', 'AIR': '0.0000000000', 'ALCX': '0.0000000000', 'ALICE': '0.0000000000', 'ANT': '0.0000000000', 'ARPA': '0.00000000', 'AVAX': '0.0000000000', 'BADGER': '0.0000000000', 'BAT': '0.0000000000', 'BCH': '0.0000000000', 'BICO': '0.0000000000', 'BIT': '0.0000000000', 'BONK': '0.00', 'BRICK': '0.0000', 'BSX': '0.00', 'CFG': '0.0000000000', 'CHF': '0.0015', 'CHF.HOLD': '0.0000', 'COTI': '0.0000000000', 'CQT': '136.4307187700', 'CRV': '0.0000000000', 'CSM': '0.000000', 'CXT': '0.00000', 'DASH': '0.0000035300', 'DYDX': '0.0000086700', 'ENJ': '0.0000000000', 'EUR.HOLD': '0.0000', 'FET': '0.0000000000', 'FIL': '0.0000000000', 'FIS': '0.0000000000', 'FLOW': '0.0000000000', 'FLOW.F': '0.0000006470', 'FLOW.S': '0.0000000078', 'FLOW14.S': '0.0000000000', 'FORTH': '0.0000000000', 'FXS': '0.0000000000', 'GAL': '0.000000', 'GST': '0.0000000000', 'INTR': '0.00000000', 'JUP': '0.00000', 'KAR': '0.0000000000', 'KIN': '0.00000000', 'KINT': '0.0000000000', 'KNC': '0.0000000000', 'KSM': '0.0000000000', 'KSM.F': '0.0000009398', 'KSM.S': '0.0000000000', 'KSM07.S': '0.0008862843', 'LINK': '0.0000000016', 'LMWR': '0.00000', 'MANA': '0.0000073362', 'MC': '0.0000000000', 'MINA': '0.0000000000', 'MINA.F': '0.0000213456', 'MINA.S': '6.2959137983', 'MIR': '0.0000000000', 'MNGO': '0.00000000', 'MV': '0.0000000000', 'NANO': '0.0000000000', 'NEAR': '0.00000000', 'NODL': '0.000000', 'NYM': '0.0000000000', 'OCEAN': '0.0000000000', 'ORCA': '0.00000000', 'PEPE': '0.00', 'PERP': '0.0000000000', 'POL': '0.0000000000', 'POWR': '0.0000000000', 'PSTAKE': '0.0000000000', 'PYTH': '0.00000', 'PYUSD': '0.00000000', 'QTUM': '0.0000000400', 'RARE': '0.0000000000', 'RARI': '0.0000000000', 'RNDR': '0.0000000000', 'ROOK': '0.0000000000', 'RUNE': '0.0000000000', 'SAMO': '0.00000000', 'SBR': '0.00000000', 'SC': '0.0000000000', 'SCRT': '0.00000000', 'SCRT.S': '0.02872664', 'SHIB': '0.00000', 'SOL': '0.0000000000', 'SOL.F': '0.0000000225', 'SOL.S': '0.0001199506', 'SPELL': '0.0000000000', 'STEP': '0.00000000', 'STG': '0.00001', 'STX': '0.00000', 'SUSHI': '0.0000000000', 'T': '0.0000000000', 'TBTC': '0.0000000000', 'TEER': '0.00000000', 'TIA': '0.000000', 'TLM': '0.0000000000', 'TRX': '0.00000000', 'TVK': '0.0000000000', 'UNI': '0.0000000000', 'USDC': '0.00000000', 'USDC.F': '0.00005239', 'WIF': '0.00000', 'XBT.M': '0.0000000085', 'XETC': '0.0000000000', 'XLTC': '0.0000000000', 'XRT': '0.0000000000', 'XXBT': '0.0000000000', 'XXDG': '0.00000000', 'XXMR': '0.0000000000', 'XXRP': '0.00000000', 'YGG': '0.0000000000', 'ZEUR': '85.9382', 'ZRX': '0.0000000000', 'ZUSD': '0.0000'}}
2024-12-27 17:54:31,967 - INFO - Valid balance: {'CQT': 136.43071877}
2024-12-27 17:54:32,108 - DEBUG - https://api.kraken.com:443 "GET /0/public/Ticker?pair=CQTEUR HTTP/11" 200 None
2024-12-27 17:54:32,108 - INFO - Fetching order history for CQTEUR...
2024-12-27 17:54:32,498 - DEBUG - https://api.kraken.com:443 "POST /0/private/TradesHistory HTTP/11" 200 None
2024-12-27 17:54:32,530 - WARNING - No buy price found for CQTEUR.
2024-12-27 17:54:32,858 - DEBUG - https://api.kraken.com:443 "GET /0/public/Ticker?pair=CQTEUR HTTP/11" 200 None
2024-12-27 17:54:32,905 - INFO - GUI initialized. Starting main loop...
2024-12-27 17:54:39,641 - ERROR - Error importing favorites: Favorites.save_favorites() takes 1 positional argument but 2 were given
2024-12-27 17:59:48,206 - INFO - Starting Kraken Bot...
2024-12-27 17:59:48,253 - DEBUG - Loading KWallet
2024-12-27 17:59:48,253 - DEBUG - Loading SecretService
2024-12-27 17:59:48,253 - DEBUG - Loading Windows
2024-12-27 17:59:48,268 - DEBUG - Loaded cffi backend
2024-12-27 17:59:48,487 - DEBUG - Loading chainer
2024-12-27 17:59:48,487 - DEBUG - Loading libsecret
2024-12-27 17:59:48,487 - DEBUG - Loading macOS
2024-12-27 17:59:48,503 - INFO - API credentials loaded from keyring.
2024-12-27 17:59:48,503 - DEBUG - API Key: 6h1+i86joJVhEavxTKRVU+zBV2c8iJYVgyaBak+xfc2cGqYSuw11YmF3, API Secret: RMcUBeLxv51cWIWk7sM3KMMJbgxTYW1Xn3twrXom0hupH/8bi2FWCnWTN0gjO/GWI5JNFcjtKoDxJxgTEZ5/gA==
2024-12-27 17:59:48,597 - INFO - Connected to Kraken API.
2024-12-27 17:59:48,597 - INFO - Favorites loaded from favorites.json.
2024-12-27 17:59:48,628 - INFO - Fetching balance...
2024-12-27 17:59:48,644 - DEBUG - Starting new HTTPS connection (1): api.kraken.com:443
2024-12-27 17:59:49,052 - DEBUG - https://api.kraken.com:443 "POST /0/private/Balance HTTP/11" 200 None
2024-12-27 17:59:49,099 - INFO - Balance response: {'error': [], 'result': {'ACA': '0.0000000000', 'ADA': '0.00000000', 'ADA.F': '0.00788669', 'ADA.S': '0.00000000', 'AIR': '0.0000000000', 'ALCX': '0.0000000000', 'ALICE': '0.0000000000', 'ANT': '0.0000000000', 'ARPA': '0.00000000', 'AVAX': '0.0000000000', 'BADGER': '0.0000000000', 'BAT': '0.0000000000', 'BCH': '0.0000000000', 'BICO': '0.0000000000', 'BIT': '0.0000000000', 'BONK': '0.00', 'BRICK': '0.0000', 'BSX': '0.00', 'CFG': '0.0000000000', 'CHF': '0.0015', 'CHF.HOLD': '0.0000', 'COTI': '0.0000000000', 'CQT': '136.4307187700', 'CRV': '0.0000000000', 'CSM': '0.000000', 'CXT': '0.00000', 'DASH': '0.0000035300', 'DYDX': '0.0000086700', 'ENJ': '0.0000000000', 'EUR.HOLD': '0.0000', 'FET': '0.0000000000', 'FIL': '0.0000000000', 'FIS': '0.0000000000', 'FLOW': '0.0000000000', 'FLOW.F': '0.0000006470', 'FLOW.S': '0.0000000078', 'FLOW14.S': '0.0000000000', 'FORTH': '0.0000000000', 'FXS': '0.0000000000', 'GAL': '0.000000', 'GST': '0.0000000000', 'INTR': '0.00000000', 'JUP': '0.00000', 'KAR': '0.0000000000', 'KIN': '0.00000000', 'KINT': '0.0000000000', 'KNC': '0.0000000000', 'KSM': '0.0000000000', 'KSM.F': '0.0000009398', 'KSM.S': '0.0000000000', 'KSM07.S': '0.0008862843', 'LINK': '0.0000000016', 'LMWR': '0.00000', 'MANA': '0.0000073362', 'MC': '0.0000000000', 'MINA': '0.0000000000', 'MINA.F': '0.0000213456', 'MINA.S': '6.2959137983', 'MIR': '0.0000000000', 'MNGO': '0.00000000', 'MV': '0.0000000000', 'NANO': '0.0000000000', 'NEAR': '0.00000000', 'NODL': '0.000000', 'NYM': '0.0000000000', 'OCEAN': '0.0000000000', 'ORCA': '0.00000000', 'PEPE': '0.00', 'PERP': '0.0000000000', 'POL': '0.0000000000', 'POWR': '0.0000000000', 'PSTAKE': '0.0000000000', 'PYTH': '0.00000', 'PYUSD': '0.00000000', 'QTUM': '0.0000000400', 'RARE': '0.0000000000', 'RARI': '0.0000000000', 'RNDR': '0.0000000000', 'ROOK': '0.0000000000', 'RUNE': '0.0000000000', 'SAMO': '0.00000000', 'SBR': '0.00000000', 'SC': '0.0000000000', 'SCRT': '0.00000000', 'SCRT.S': '0.02872664', 'SHIB': '0.00000', 'SOL': '0.0000000000', 'SOL.F': '0.0000000225', 'SOL.S': '0.0001199506', 'SPELL': '0.0000000000', 'STEP': '0.00000000', 'STG': '0.00001', 'STX': '0.00000', 'SUSHI': '0.0000000000', 'T': '0.0000000000', 'TBTC': '0.0000000000', 'TEER': '0.00000000', 'TIA': '0.000000', 'TLM': '0.0000000000', 'TRX': '0.00000000', 'TVK': '0.0000000000', 'UNI': '0.0000000000', 'USDC': '0.00000000', 'USDC.F': '0.00005239', 'WIF': '0.00000', 'XBT.M': '0.0000000085', 'XETC': '0.0000000000', 'XLTC': '0.0000000000', 'XRT': '0.0000000000', 'XXBT': '0.0000000000', 'XXDG': '0.00000000', 'XXMR': '0.0000000000', 'XXRP': '0.00000000', 'YGG': '0.0000000000', 'ZEUR': '85.9382', 'ZRX': '0.0000000000', 'ZUSD': '0.0000'}}
2024-12-27 17:59:49,318 - INFO - Valid balance: {'CQT': 136.43071877}
2024-12-27 17:59:49,599 - DEBUG - https://api.kraken.com:443 "GET /0/public/Ticker?pair=CQTEUR HTTP/11" 200 None
2024-12-27 17:59:49,631 - INFO - Fetching order history for CQTEUR...
2024-12-27 17:59:50,022 - DEBUG - https://api.kraken.com:443 "POST /0/private/TradesHistory HTTP/11" 200 None
2024-12-27 17:59:50,053 - WARNING - No buy price found for CQTEUR.
2024-12-27 17:59:50,225 - DEBUG - https://api.kraken.com:443 "GET /0/public/Ticker?pair=CQTEUR HTTP/11" 200 None
2024-12-27 17:59:50,225 - INFO - Fetching balance...
2024-12-27 17:59:50,490 - DEBUG - https://api.kraken.com:443 "POST /0/private/Balance HTTP/11" 200 None
2024-12-27 17:59:50,522 - INFO - Balance response: {'error': [], 'result': {'ACA': '0.0000000000', 'ADA': '0.00000000', 'ADA.F': '0.00788669', 'ADA.S': '0.00000000', 'AIR': '0.0000000000', 'ALCX': '0.0000000000', 'ALICE': '0.0000000000', 'ANT': '0.0000000000', 'ARPA': '0.00000000', 'AVAX': '0.0000000000', 'BADGER': '0.0000000000', 'BAT': '0.0000000000', 'BCH': '0.0000000000', 'BICO': '0.0000000000', 'BIT': '0.0000000000', 'BONK': '0.00', 'BRICK': '0.0000', 'BSX': '0.00', 'CFG': '0.0000000000', 'CHF': '0.0015', 'CHF.HOLD': '0.0000', 'COTI': '0.0000000000', 'CQT': '136.4307187700', 'CRV': '0.0000000000', 'CSM': '0.000000', 'CXT': '0.00000', 'DASH': '0.0000035300', 'DYDX': '0.0000086700', 'ENJ': '0.0000000000', 'EUR.HOLD': '0.0000', 'FET': '0.0000000000', 'FIL': '0.0000000000', 'FIS': '0.0000000000', 'FLOW': '0.0000000000', 'FLOW.F': '0.0000006470', 'FLOW.S': '0.0000000078', 'FLOW14.S': '0.0000000000', 'FORTH': '0.0000000000', 'FXS': '0.0000000000', 'GAL': '0.000000', 'GST': '0.0000000000', 'INTR': '0.00000000', 'JUP': '0.00000', 'KAR': '0.0000000000', 'KIN': '0.00000000', 'KINT': '0.0000000000', 'KNC': '0.0000000000', 'KSM': '0.0000000000', 'KSM.F': '0.0000009398', 'KSM.S': '0.0000000000', 'KSM07.S': '0.0008862843', 'LINK': '0.0000000016', 'LMWR': '0.00000', 'MANA': '0.0000073362', 'MC': '0.0000000000', 'MINA': '0.0000000000', 'MINA.F': '0.0000213456', 'MINA.S': '6.2959137983', 'MIR': '0.0000000000', 'MNGO': '0.00000000', 'MV': '0.0000000000', 'NANO': '0.0000000000', 'NEAR': '0.00000000', 'NODL': '0.000000', 'NYM': '0.0000000000', 'OCEAN': '0.0000000000', 'ORCA': '0.00000000', 'PEPE': '0.00', 'PERP': '0.0000000000', 'POL': '0.0000000000', 'POWR': '0.0000000000', 'PSTAKE': '0.0000000000', 'PYTH': '0.00000', 'PYUSD': '0.00000000', 'QTUM': '0.0000000400', 'RARE': '0.0000000000', 'RARI': '0.0000000000', 'RNDR': '0.0000000000', 'ROOK': '0.0000000000', 'RUNE': '0.0000000000', 'SAMO': '0.00000000', 'SBR': '0.00000000', 'SC': '0.0000000000', 'SCRT': '0.00000000', 'SCRT.S': '0.02872664', 'SHIB': '0.00000', 'SOL': '0.0000000000', 'SOL.F': '0.0000000225', 'SOL.S': '0.0001199506', 'SPELL': '0.0000000000', 'STEP': '0.00000000', 'STG': '0.00001', 'STX': '0.00000', 'SUSHI': '0.0000000000', 'T': '0.0000000000', 'TBTC': '0.0000000000', 'TEER': '0.00000000', 'TIA': '0.000000', 'TLM': '0.0000000000', 'TRX': '0.00000000', 'TVK': '0.0000000000', 'UNI': '0.0000000000', 'USDC': '0.00000000', 'USDC.F': '0.00005239', 'WIF': '0.00000', 'XBT.M': '0.0000000085', 'XETC': '0.0000000000', 'XLTC': '0.0000000000', 'XRT': '0.0000000000', 'XXBT': '0.0000000000', 'XXDG': '0.00000000', 'XXMR': '0.0000000000', 'XXRP': '0.00000000', 'YGG': '0.0000000000', 'ZEUR': '85.9382', 'ZRX': '0.0000000000', 'ZUSD': '0.0000'}}
2024-12-27 17:59:50,756 - INFO - Valid balance: {'CQT': 136.43071877}
2024-12-27 17:59:51,128 - DEBUG - https://api.kraken.com:443 "GET /0/public/Ticker?pair=CQTEUR HTTP/11" 200 None
2024-12-27 17:59:51,175 - INFO - Fetching order history for CQTEUR...
2024-12-27 17:59:51,815 - DEBUG - https://api.kraken.com:443 "POST /0/private/TradesHistory HTTP/11" 200 None
2024-12-27 17:59:51,831 - WARNING - No buy price found for CQTEUR.
2024-12-27 17:59:52,003 - DEBUG - https://api.kraken.com:443 "GET /0/public/Ticker?pair=CQTEUR HTTP/11" 200 None
2024-12-27 17:59:52,034 - INFO - GUI initialized. Starting main loop...
2024-12-27 18:00:02,409 - INFO - Favorites saved to favorites.json.
2024-12-27 18:00:02,409 - INFO - Favorites imported from C:/root/trading-bot/github/trading-bot/favorites.json
2024-12-27 18:00:26,564 - INFO - Favorites exported to C:/root/trading-bot/github/trading-bot/favorites1.json
2024-12-27 18:00:47,721 - INFO - Favorites saved to favorites.json.
2024-12-27 18:00:47,721 - INFO - Favorites imported from C:/root/trading-bot/github/trading-bot/favorites.json
2024-12-27 18:00:52,045 - INFO - Fetching balance...
2024-12-27 18:00:52,388 - DEBUG - https://api.kraken.com:443 "POST /0/private/Balance HTTP/11" 200 None
2024-12-27 18:00:52,404 - INFO - Balance response: {'error': [], 'result': {'ACA': '0.0000000000', 'ADA': '0.00000000', 'ADA.F': '0.00788669', 'ADA.S': '0.00000000', 'AIR': '0.0000000000', 'ALCX': '0.0000000000', 'ALICE': '0.0000000000', 'ANT': '0.0000000000', 'ARPA': '0.00000000', 'AVAX': '0.0000000000', 'BADGER': '0.0000000000', 'BAT': '0.0000000000', 'BCH': '0.0000000000', 'BICO': '0.0000000000', 'BIT': '0.0000000000', 'BONK': '0.00', 'BRICK': '0.0000', 'BSX': '0.00', 'CFG': '0.0000000000', 'CHF': '0.0015', 'CHF.HOLD': '0.0000', 'COTI': '0.0000000000', 'CQT': '136.4307187700', 'CRV': '0.0000000000', 'CSM': '0.000000', 'CXT': '0.00000', 'DASH': '0.0000035300', 'DYDX': '0.0000086700', 'ENJ': '0.0000000000', 'EUR.HOLD': '0.0000', 'FET': '0.0000000000', 'FIL': '0.0000000000', 'FIS': '0.0000000000', 'FLOW': '0.0000000000', 'FLOW.F': '0.0000006470', 'FLOW.S': '0.0000000078', 'FLOW14.S': '0.0000000000', 'FORTH': '0.0000000000', 'FXS': '0.0000000000', 'GAL': '0.000000', 'GST': '0.0000000000', 'INTR': '0.00000000', 'JUP': '0.00000', 'KAR': '0.0000000000', 'KIN': '0.00000000', 'KINT': '0.0000000000', 'KNC': '0.0000000000', 'KSM': '0.0000000000', 'KSM.F': '0.0000009398', 'KSM.S': '0.0000000000', 'KSM07.S': '0.0008862843', 'LINK': '0.0000000016', 'LMWR': '0.00000', 'MANA': '0.0000073362', 'MC': '0.0000000000', 'MINA': '0.0000000000', 'MINA.F': '0.0000213456', 'MINA.S': '6.2959137983', 'MIR': '0.0000000000', 'MNGO': '0.00000000', 'MV': '0.0000000000', 'NANO': '0.0000000000', 'NEAR': '0.00000000', 'NODL': '0.000000', 'NYM': '0.0000000000', 'OCEAN': '0.0000000000', 'ORCA': '0.00000000', 'PEPE': '0.00', 'PERP': '0.0000000000', 'POL': '0.0000000000', 'POWR': '0.0000000000', 'PSTAKE': '0.0000000000', 'PYTH': '0.00000', 'PYUSD': '0.00000000', 'QTUM': '0.0000000400', 'RARE': '0.0000000000', 'RARI': '0.0000000000', 'RNDR': '0.0000000000', 'ROOK': '0.0000000000', 'RUNE': '0.0000000000', 'SAMO': '0.00000000', 'SBR': '0.00000000', 'SC': '0.0000000000', 'SCRT': '0.00000000', 'SCRT.S': '0.02872664', 'SHIB': '0.00000', 'SOL': '0.0000000000', 'SOL.F': '0.0000000225', 'SOL.S': '0.0001199506', 'SPELL': '0.0000000000', 'STEP': '0.00000000', 'STG': '0.00001', 'STX': '0.00000', 'SUSHI': '0.0000000000', 'T': '0.0000000000', 'TBTC': '0.0000000000', 'TEER': '0.00000000', 'TIA': '0.000000', 'TLM': '0.0000000000', 'TRX': '0.00000000', 'TVK': '0.0000000000', 'UNI': '0.0000000000', 'USDC': '0.00000000', 'USDC.F': '0.00005239', 'WIF': '0.00000', 'XBT.M': '0.0000000085', 'XETC': '0.0000000000', 'XLTC': '0.0000000000', 'XRT': '0.0000000000', 'XXBT': '0.0000000000', 'XXDG': '0.00000000', 'XXMR': '0.0000000000', 'XXRP': '0.00000000', 'YGG': '0.0000000000', 'ZEUR': '85.9382', 'ZRX': '0.0000000000', 'ZUSD': '0.0000'}}
2024-12-27 18:00:52,435 - INFO - Valid balance: {'CQT': 136.43071877}
2024-12-27 18:00:52,795 - DEBUG - https://api.kraken.com:443 "GET /0/public/Ticker?pair=CQTEUR HTTP/11" 200 None
2024-12-27 18:00:52,826 - INFO - Fetching order history for CQTEUR...
2024-12-27 18:00:53,232 - DEBUG - https://api.kraken.com:443 "POST /0/private/TradesHistory HTTP/11" 200 None
2024-12-27 18:00:53,248 - WARNING - No buy price found for CQTEUR.
2024-12-27 18:00:53,404 - DEBUG - https://api.kraken.com:443 "GET /0/public/Ticker?pair=CQTEUR HTTP/11" 200 None
2024-12-27 18:01:02,296 - INFO - Update interval set to 20 seconds.
2024-12-27 18:01:13,346 - INFO - Trading fee set to 0.26%.
2024-12-27 18:01:17,557 - INFO - Dark mode enabled.
2024-12-27 18:01:25,671 - INFO - Fetching balance...
2024-12-27 18:01:26,000 - DEBUG - https://api.kraken.com:443 "POST /0/private/Balance HTTP/11" 200 None
2024-12-27 18:01:26,016 - INFO - Balance response: {'error': [], 'result': {'ACA': '0.0000000000', 'ADA': '0.00000000', 'ADA.F': '0.00788669', 'ADA.S': '0.00000000', 'AIR': '0.0000000000', 'ALCX': '0.0000000000', 'ALICE': '0.0000000000', 'ANT': '0.0000000000', 'ARPA': '0.00000000', 'AVAX': '0.0000000000', 'BADGER': '0.0000000000', 'BAT': '0.0000000000', 'BCH': '0.0000000000', 'BICO': '0.0000000000', 'BIT': '0.0000000000', 'BONK': '0.00', 'BRICK': '0.0000', 'BSX': '0.00', 'CFG': '0.0000000000', 'CHF': '0.0015', 'CHF.HOLD': '0.0000', 'COTI': '0.0000000000', 'CQT': '136.4307187700', 'CRV': '0.0000000000', 'CSM': '0.000000', 'CXT': '0.00000', 'DASH': '0.0000035300', 'DYDX': '0.0000086700', 'ENJ': '0.0000000000', 'EUR.HOLD': '0.0000', 'FET': '0.0000000000', 'FIL': '0.0000000000', 'FIS': '0.0000000000', 'FLOW': '0.0000000000', 'FLOW.F': '0.0000006470', 'FLOW.S': '0.0000000078', 'FLOW14.S': '0.0000000000', 'FORTH': '0.0000000000', 'FXS': '0.0000000000', 'GAL': '0.000000', 'GST': '0.0000000000', 'INTR': '0.00000000', 'JUP': '0.00000', 'KAR': '0.0000000000', 'KIN': '0.00000000', 'KINT': '0.0000000000', 'KNC': '0.0000000000', 'KSM': '0.0000000000', 'KSM.F': '0.0000009398', 'KSM.S': '0.0000000000', 'KSM07.S': '0.0008862843', 'LINK': '0.0000000016', 'LMWR': '0.00000', 'MANA': '0.0000073362', 'MC': '0.0000000000', 'MINA': '0.0000000000', 'MINA.F': '0.0000213456', 'MINA.S': '6.2959137983', 'MIR': '0.0000000000', 'MNGO': '0.00000000', 'MV': '0.0000000000', 'NANO': '0.0000000000', 'NEAR': '0.00000000', 'NODL': '0.000000', 'NYM': '0.0000000000', 'OCEAN': '0.0000000000', 'ORCA': '0.00000000', 'PEPE': '0.00', 'PERP': '0.0000000000', 'POL': '0.0000000000', 'POWR': '0.0000000000', 'PSTAKE': '0.0000000000', 'PYTH': '0.00000', 'PYUSD': '0.00000000', 'QTUM': '0.0000000400', 'RARE': '0.0000000000', 'RARI': '0.0000000000', 'RNDR': '0.0000000000', 'ROOK': '0.0000000000', 'RUNE': '0.0000000000', 'SAMO': '0.00000000', 'SBR': '0.00000000', 'SC': '0.0000000000', 'SCRT': '0.00000000', 'SCRT.S': '0.02872664', 'SHIB': '0.00000', 'SOL': '0.0000000000', 'SOL.F': '0.0000000225', 'SOL.S': '0.0001199506', 'SPELL': '0.0000000000', 'STEP': '0.00000000', 'STG': '0.00001', 'STX': '0.00000', 'SUSHI': '0.0000000000', 'T': '0.0000000000', 'TBTC': '0.0000000000', 'TEER': '0.00000000', 'TIA': '0.000000', 'TLM': '0.0000000000', 'TRX': '0.00000000', 'TVK': '0.0000000000', 'UNI': '0.0000000000', 'USDC': '0.00000000', 'USDC.F': '0.00005239', 'WIF': '0.00000', 'XBT.M': '0.0000000085', 'XETC': '0.0000000000', 'XLTC': '0.0000000000', 'XRT': '0.0000000000', 'XXBT': '0.0000000000', 'XXDG': '0.00000000', 'XXMR': '0.0000000000', 'XXRP': '0.00000000', 'YGG': '0.0000000000', 'ZEUR': '85.9382', 'ZRX': '0.0000000000', 'ZUSD': '0.0000'}}
2024-12-27 18:01:26,047 - INFO - Valid balance: {'CQT': 136.43071877}
2024-12-27 18:01:26,422 - DEBUG - https://api.kraken.com:443 "GET /0/public/Ticker?pair=CQTEUR HTTP/11" 200 None
2024-12-27 18:01:26,422 - INFO - Fetching order history for CQTEUR...
2024-12-27 18:01:26,797 - DEBUG - https://api.kraken.com:443 "POST /0/private/TradesHistory HTTP/11" 200 None
2024-12-27 18:01:26,828 - WARNING - No buy price found for CQTEUR.
2024-12-27 18:01:27,000 - DEBUG - https://api.kraken.com:443 "GET /0/public/Ticker?pair=CQTEUR HTTP/11" 200 None
2024-12-27 18:02:30,470 - INFO - Starting Kraken Bot...
2024-12-27 18:02:30,502 - DEBUG - Loading KWallet
2024-12-27 18:02:30,502 - DEBUG - Loading SecretService
2024-12-27 18:02:30,517 - DEBUG - Loading Windows
2024-12-27 18:02:30,533 - DEBUG - Loaded cffi backend
2024-12-27 18:02:30,751 - DEBUG - Loading chainer
2024-12-27 18:02:30,751 - DEBUG - Loading libsecret
2024-12-27 18:02:30,751 - DEBUG - Loading macOS
2024-12-27 18:02:30,767 - INFO - API credentials loaded from keyring.
2024-12-27 18:02:30,767 - DEBUG - API Key: 6h1+i86joJVhEavxTKRVU+zBV2c8iJYVgyaBak+xfc2cGqYSuw11YmF3, API Secret: RMcUBeLxv51cWIWk7sM3KMMJbgxTYW1Xn3twrXom0hupH/8bi2FWCnWTN0gjO/GWI5JNFcjtKoDxJxgTEZ5/gA==
2024-12-27 18:02:30,861 - INFO - Connected to Kraken API.
2024-12-27 18:02:30,876 - INFO - Favorites loaded from favorites.json.
2024-12-27 18:02:30,892 - INFO - Fetching balance...
2024-12-27 18:02:30,908 - DEBUG - Starting new HTTPS connection (1): api.kraken.com:443
2024-12-27 18:02:31,408 - DEBUG - https://api.kraken.com:443 "POST /0/private/Balance HTTP/11" 200 None
2024-12-27 18:02:31,439 - INFO - Balance response: {'error': [], 'result': {'ACA': '0.0000000000', 'ADA': '0.00000000', 'ADA.F': '0.00788669', 'ADA.S': '0.00000000', 'AIR': '0.0000000000', 'ALCX': '0.0000000000', 'ALICE': '0.0000000000', 'ANT': '0.0000000000', 'ARPA': '0.00000000', 'AVAX': '0.0000000000', 'BADGER': '0.0000000000', 'BAT': '0.0000000000', 'BCH': '0.0000000000', 'BICO': '0.0000000000', 'BIT': '0.0000000000', 'BONK': '0.00', 'BRICK': '0.0000', 'BSX': '0.00', 'CFG': '0.0000000000', 'CHF': '0.0015', 'CHF.HOLD': '0.0000', 'COTI': '0.0000000000', 'CQT': '136.4307187700', 'CRV': '0.0000000000', 'CSM': '0.000000', 'CXT': '0.00000', 'DASH': '0.0000035300', 'DYDX': '0.0000086700', 'ENJ': '0.0000000000', 'EUR.HOLD': '0.0000', 'FET': '0.0000000000', 'FIL': '0.0000000000', 'FIS': '0.0000000000', 'FLOW': '0.0000000000', 'FLOW.F': '0.0000006470', 'FLOW.S': '0.0000000078', 'FLOW14.S': '0.0000000000', 'FORTH': '0.0000000000', 'FXS': '0.0000000000', 'GAL': '0.000000', 'GST': '0.0000000000', 'INTR': '0.00000000', 'JUP': '0.00000', 'KAR': '0.0000000000', 'KIN': '0.00000000', 'KINT': '0.0000000000', 'KNC': '0.0000000000', 'KSM': '0.0000000000', 'KSM.F': '0.0000009398', 'KSM.S': '0.0000000000', 'KSM07.S': '0.0008862843', 'LINK': '0.0000000016', 'LMWR': '0.00000', 'MANA': '0.0000073362', 'MC': '0.0000000000', 'MINA': '0.0000000000', 'MINA.F': '0.0000213456', 'MINA.S': '6.2959137983', 'MIR': '0.0000000000', 'MNGO': '0.00000000', 'MV': '0.0000000000', 'NANO': '0.0000000000', 'NEAR': '0.00000000', 'NODL': '0.000000', 'NYM': '0.0000000000', 'OCEAN': '0.0000000000', 'ORCA': '0.00000000', 'PEPE': '0.00', 'PERP': '0.0000000000', 'POL': '0.0000000000', 'POWR': '0.0000000000', 'PSTAKE': '0.0000000000', 'PYTH': '0.00000', 'PYUSD': '0.00000000', 'QTUM': '0.0000000400', 'RARE': '0.0000000000', 'RARI': '0.0000000000', 'RNDR': '0.0000000000', 'ROOK': '0.0000000000', 'RUNE': '0.0000000000', 'SAMO': '0.00000000', 'SBR': '0.00000000', 'SC': '0.0000000000', 'SCRT': '0.00000000', 'SCRT.S': '0.02872664', 'SHIB': '0.00000', 'SOL': '0.0000000000', 'SOL.F': '0.0000000225', 'SOL.S': '0.0001199506', 'SPELL': '0.0000000000', 'STEP': '0.00000000', 'STG': '0.00001', 'STX': '0.00000', 'SUSHI': '0.0000000000', 'T': '0.0000000000', 'TBTC': '0.0000000000', 'TEER': '0.00000000', 'TIA': '0.000000', 'TLM': '0.0000000000', 'TRX': '0.00000000', 'TVK': '0.0000000000', 'UNI': '0.0000000000', 'USDC': '0.00000000', 'USDC.F': '0.00005239', 'WIF': '0.00000', 'XBT.M': '0.0000000085', 'XETC': '0.0000000000', 'XLTC': '0.0000000000', 'XRT': '0.0000000000', 'XXBT': '0.0000000000', 'XXDG': '0.00000000', 'XXMR': '0.0000000000', 'XXRP': '0.00000000', 'YGG': '0.0000000000', 'ZEUR': '85.9382', 'ZRX': '0.0000000000', 'ZUSD': '0.0000'}}
2024-12-27 18:02:31,658 - INFO - Valid balance: {'CQT': 136.43071877}
2024-12-27 18:02:31,939 - DEBUG - https://api.kraken.com:443 "GET /0/public/Ticker?pair=CQTEUR HTTP/11" 200 None
2024-12-27 18:02:31,970 - INFO - Fetching order history for CQTEUR...
2024-12-27 18:02:32,330 - DEBUG - https://api.kraken.com:443 "POST /0/private/TradesHistory HTTP/11" 200 None
2024-12-27 18:02:32,361 - WARNING - No buy price found for CQTEUR.
2024-12-27 18:02:32,518 - DEBUG - https://api.kraken.com:443 "GET /0/public/Ticker?pair=CQTEUR HTTP/11" 200 None
2024-12-27 18:02:32,549 - INFO - Fetching balance...
2024-12-27 18:02:32,846 - DEBUG - https://api.kraken.com:443 "POST /0/private/Balance HTTP/11" 200 None
2024-12-27 18:02:32,893 - INFO - Balance response: {'error': [], 'result': {'ACA': '0.0000000000', 'ADA': '0.00000000', 'ADA.F': '0.00788669', 'ADA.S': '0.00000000', 'AIR': '0.0000000000', 'ALCX': '0.0000000000', 'ALICE': '0.0000000000', 'ANT': '0.0000000000', 'ARPA': '0.00000000', 'AVAX': '0.0000000000', 'BADGER': '0.0000000000', 'BAT': '0.0000000000', 'BCH': '0.0000000000', 'BICO': '0.0000000000', 'BIT': '0.0000000000', 'BONK': '0.00', 'BRICK': '0.0000', 'BSX': '0.00', 'CFG': '0.0000000000', 'CHF': '0.0015', 'CHF.HOLD': '0.0000', 'COTI': '0.0000000000', 'CQT': '136.4307187700', 'CRV': '0.0000000000', 'CSM': '0.000000', 'CXT': '0.00000', 'DASH': '0.0000035300', 'DYDX': '0.0000086700', 'ENJ': '0.0000000000', 'EUR.HOLD': '0.0000', 'FET': '0.0000000000', 'FIL': '0.0000000000', 'FIS': '0.0000000000', 'FLOW': '0.0000000000', 'FLOW.F': '0.0000006470', 'FLOW.S': '0.0000000078', 'FLOW14.S': '0.0000000000', 'FORTH': '0.0000000000', 'FXS': '0.0000000000', 'GAL': '0.000000', 'GST': '0.0000000000', 'INTR': '0.00000000', 'JUP': '0.00000', 'KAR': '0.0000000000', 'KIN': '0.00000000', 'KINT': '0.0000000000', 'KNC': '0.0000000000', 'KSM': '0.0000000000', 'KSM.F': '0.0000009398', 'KSM.S': '0.0000000000', 'KSM07.S': '0.0008862843', 'LINK': '0.0000000016', 'LMWR': '0.00000', 'MANA': '0.0000073362', 'MC': '0.0000000000', 'MINA': '0.0000000000', 'MINA.F': '0.0000213456', 'MINA.S': '6.2959137983', 'MIR': '0.0000000000', 'MNGO': '0.00000000', 'MV': '0.0000000000', 'NANO': '0.0000000000', 'NEAR': '0.00000000', 'NODL': '0.000000', 'NYM': '0.0000000000', 'OCEAN': '0.0000000000', 'ORCA': '0.00000000', 'PEPE': '0.00', 'PERP': '0.0000000000', 'POL': '0.0000000000', 'POWR': '0.0000000000', 'PSTAKE': '0.0000000000', 'PYTH': '0.00000', 'PYUSD': '0.00000000', 'QTUM': '0.0000000400', 'RARE': '0.0000000000', 'RARI': '0.0000000000', 'RNDR': '0.0000000000', 'ROOK': '0.0000000000', 'RUNE': '0.0000000000', 'SAMO': '0.00000000', 'SBR': '0.00000000', 'SC': '0.0000000000', 'SCRT': '0.00000000', 'SCRT.S': '0.02872664', 'SHIB': '0.00000', 'SOL': '0.0000000000', 'SOL.F': '0.0000000225', 'SOL.S': '0.0001199506', 'SPELL': '0.0000000000', 'STEP': '0.00000000', 'STG': '0.00001', 'STX': '0.00000', 'SUSHI': '0.0000000000', 'T': '0.0000000000', 'TBTC': '0.0000000000', 'TEER': '0.00000000', 'TIA': '0.000000', 'TLM': '0.0000000000', 'TRX': '0.00000000', 'TVK': '0.0000000000', 'UNI': '0.0000000000', 'USDC': '0.00000000', 'USDC.F': '0.00005239', 'WIF': '0.00000', 'XBT.M': '0.0000000085', 'XETC': '0.0000000000', 'XLTC': '0.0000000000', 'XRT': '0.0000000000', 'XXBT': '0.0000000000', 'XXDG': '0.00000000', 'XXMR': '0.0000000000', 'XXRP': '0.00000000', 'YGG': '0.0000000000', 'ZEUR': '85.9382', 'ZRX': '0.0000000000', 'ZUSD': '0.0000'}}
2024-12-27 18:02:33,127 - INFO - Valid balance: {'CQT': 136.43071877}
2024-12-27 18:02:33,252 - DEBUG - https://api.kraken.com:443 "GET /0/public/Ticker?pair=CQTEUR HTTP/11" 200 None
2024-12-27 18:02:33,283 - INFO - Fetching order history for CQTEUR...
2024-12-27 18:02:33,627 - DEBUG - https://api.kraken.com:443 "POST /0/private/TradesHistory HTTP/11" 200 None
2024-12-27 18:02:33,643 - WARNING - No buy price found for CQTEUR.
2024-12-27 18:02:33,908 - DEBUG - https://api.kraken.com:443 "GET /0/public/Ticker?pair=CQTEUR HTTP/11" 200 None
2024-12-27 18:02:33,940 - INFO - GUI initialized. Starting main loop...
2024-12-27 18:04:05,011 - INFO - Starting Kraken Bot...
2024-12-27 18:04:05,042 - DEBUG - Loading KWallet
2024-12-27 18:04:05,042 - DEBUG - Loading SecretService
2024-12-27 18:04:05,042 - DEBUG - Loading Windows
2024-12-27 18:04:05,058 - DEBUG - Loaded cffi backend
2024-12-27 18:04:05,276 - DEBUG - Loading chainer
2024-12-27 18:04:05,276 - DEBUG - Loading libsecret
2024-12-27 18:04:05,276 - DEBUG - Loading macOS
2024-12-27 18:04:05,308 - INFO - API credentials loaded from keyring.
2024-12-27 18:04:05,308 - DEBUG - API Key: 6h1+i86joJVhEavxTKRVU+zBV2c8iJYVgyaBak+xfc2cGqYSuw11YmF3, API Secret: RMcUBeLxv51cWIWk7sM3KMMJbgxTYW1Xn3twrXom0hupH/8bi2FWCnWTN0gjO/GWI5JNFcjtKoDxJxgTEZ5/gA==
2024-12-27 18:04:05,401 - INFO - Connected to Kraken API.
2024-12-27 18:04:05,401 - INFO - Favorites loaded from favorites.json.
2024-12-27 18:04:05,417 - INFO - Fetching balance...
2024-12-27 18:04:05,433 - DEBUG - Starting new HTTPS connection (1): api.kraken.com:443
2024-12-27 18:04:05,855 - DEBUG - https://api.kraken.com:443 "POST /0/private/Balance HTTP/11" 200 None
2024-12-27 18:04:05,901 - INFO - Balance response: {'error': [], 'result': {'ACA': '0.0000000000', 'ADA': '0.00000000', 'ADA.F': '0.00788669', 'ADA.S': '0.00000000', 'AIR': '0.0000000000', 'ALCX': '0.0000000000', 'ALICE': '0.0000000000', 'ANT': '0.0000000000', 'ARPA': '0.00000000', 'AVAX': '0.0000000000', 'BADGER': '0.0000000000', 'BAT': '0.0000000000', 'BCH': '0.0000000000', 'BICO': '0.0000000000', 'BIT': '0.0000000000', 'BONK': '0.00', 'BRICK': '0.0000', 'BSX': '0.00', 'CFG': '0.0000000000', 'CHF': '0.0015', 'CHF.HOLD': '0.0000', 'COTI': '0.0000000000', 'CQT': '136.4307187700', 'CRV': '0.0000000000', 'CSM': '0.000000', 'CXT': '0.00000', 'DASH': '0.0000035300', 'DYDX': '0.0000086700', 'ENJ': '0.0000000000', 'EUR.HOLD': '0.0000', 'FET': '0.0000000000', 'FIL': '0.0000000000', 'FIS': '0.0000000000', 'FLOW': '0.0000000000', 'FLOW.F': '0.0000006470', 'FLOW.S': '0.0000000078', 'FLOW14.S': '0.0000000000', 'FORTH': '0.0000000000', 'FXS': '0.0000000000', 'GAL': '0.000000', 'GST': '0.0000000000', 'INTR': '0.00000000', 'JUP': '0.00000', 'KAR': '0.0000000000', 'KIN': '0.00000000', 'KINT': '0.0000000000', 'KNC': '0.0000000000', 'KSM': '0.0000000000', 'KSM.F': '0.0000009398', 'KSM.S': '0.0000000000', 'KSM07.S': '0.0008862843', 'LINK': '0.0000000016', 'LMWR': '0.00000', 'MANA': '0.0000073362', 'MC': '0.0000000000', 'MINA': '0.0000000000', 'MINA.F': '0.0000213456', 'MINA.S': '6.2959137983', 'MIR': '0.0000000000', 'MNGO': '0.00000000', 'MV': '0.0000000000', 'NANO': '0.0000000000', 'NEAR': '0.00000000', 'NODL': '0.000000', 'NYM': '0.0000000000', 'OCEAN': '0.0000000000', 'ORCA': '0.00000000', 'PEPE': '0.00', 'PERP': '0.0000000000', 'POL': '0.0000000000', 'POWR': '0.0000000000', 'PSTAKE': '0.0000000000', 'PYTH': '0.00000', 'PYUSD': '0.00000000', 'QTUM': '0.0000000400', 'RARE': '0.0000000000', 'RARI': '0.0000000000', 'RNDR': '0.0000000000', 'ROOK': '0.0000000000', 'RUNE': '0.0000000000', 'SAMO': '0.00000000', 'SBR': '0.00000000', 'SC': '0.0000000000', 'SCRT': '0.00000000', 'SCRT.S': '0.02872664', 'SHIB': '0.00000', 'SOL': '0.0000000000', 'SOL.F': '0.0000000225', 'SOL.S': '0.0001199506', 'SPELL': '0.0000000000', 'STEP': '0.00000000', 'STG': '0.00001', 'STX': '0.00000', 'SUSHI': '0.0000000000', 'T': '0.0000000000', 'TBTC': '0.0000000000', 'TEER': '0.00000000', 'TIA': '0.000000', 'TLM': '0.0000000000', 'TRX': '0.00000000', 'TVK': '0.0000000000', 'UNI': '0.0000000000', 'USDC': '0.00000000', 'USDC.F': '0.00005239', 'WIF': '0.00000', 'XBT.M': '0.0000000085', 'XETC': '0.0000000000', 'XLTC': '0.0000000000', 'XRT': '0.0000000000', 'XXBT': '0.0000000000', 'XXDG': '0.00000000', 'XXMR': '0.0000000000', 'XXRP': '0.00000000', 'YGG': '0.0000000000', 'ZEUR': '85.9382', 'ZRX': '0.0000000000', 'ZUSD': '0.0000'}}
2024-12-27 18:04:06,136 - INFO - Valid balance: {'CQT': 136.43071877}
2024-12-27 18:04:06,386 - DEBUG - https://api.kraken.com:443 "GET /0/public/Ticker?pair=CQTEUR HTTP/11" 200 None
2024-12-27 18:04:06,417 - INFO - Fetching order history for CQTEUR...
2024-12-27 18:04:06,714 - DEBUG - https://api.kraken.com:443 "POST /0/private/TradesHistory HTTP/11" 200 None
2024-12-27 18:04:06,714 - WARNING - No buy price found for CQTEUR.
2024-12-27 18:04:06,792 - DEBUG - https://api.kraken.com:443 "GET /0/public/Ticker?pair=CQTEUR HTTP/11" 200 None
2024-12-27 18:04:06,824 - INFO - Fetching balance...
2024-12-27 18:04:07,074 - DEBUG - https://api.kraken.com:443 "POST /0/private/Balance HTTP/11" 200 None
2024-12-27 18:04:07,105 - INFO - Balance response: {'error': [], 'result': {'ACA': '0.0000000000', 'ADA': '0.00000000', 'ADA.F': '0.00788669', 'ADA.S': '0.00000000', 'AIR': '0.0000000000', 'ALCX': '0.0000000000', 'ALICE': '0.0000000000', 'ANT': '0.0000000000', 'ARPA': '0.00000000', 'AVAX': '0.0000000000', 'BADGER': '0.0000000000', 'BAT': '0.0000000000', 'BCH': '0.0000000000', 'BICO': '0.0000000000', 'BIT': '0.0000000000', 'BONK': '0.00', 'BRICK': '0.0000', 'BSX': '0.00', 'CFG': '0.0000000000', 'CHF': '0.0015', 'CHF.HOLD': '0.0000', 'COTI': '0.0000000000', 'CQT': '136.4307187700', 'CRV': '0.0000000000', 'CSM': '0.000000', 'CXT': '0.00000', 'DASH': '0.0000035300', 'DYDX': '0.0000086700', 'ENJ': '0.0000000000', 'EUR.HOLD': '0.0000', 'FET': '0.0000000000', 'FIL': '0.0000000000', 'FIS': '0.0000000000', 'FLOW': '0.0000000000', 'FLOW.F': '0.0000006470', 'FLOW.S': '0.0000000078', 'FLOW14.S': '0.0000000000', 'FORTH': '0.0000000000', 'FXS': '0.0000000000', 'GAL': '0.000000', 'GST': '0.0000000000', 'INTR': '0.00000000', 'JUP': '0.00000', 'KAR': '0.0000000000', 'KIN': '0.00000000', 'KINT': '0.0000000000', 'KNC': '0.0000000000', 'KSM': '0.0000000000', 'KSM.F': '0.0000009398', 'KSM.S': '0.0000000000', 'KSM07.S': '0.0008862843', 'LINK': '0.0000000016', 'LMWR': '0.00000', 'MANA': '0.0000073362', 'MC': '0.0000000000', 'MINA': '0.0000000000', 'MINA.F': '0.0000213456', 'MINA.S': '6.2959137983', 'MIR': '0.0000000000', 'MNGO': '0.00000000', 'MV': '0.0000000000', 'NANO': '0.0000000000', 'NEAR': '0.00000000', 'NODL': '0.000000', 'NYM': '0.0000000000', 'OCEAN': '0.0000000000', 'ORCA': '0.00000000', 'PEPE': '0.00', 'PERP': '0.0000000000', 'POL': '0.0000000000', 'POWR': '0.0000000000', 'PSTAKE': '0.0000000000', 'PYTH': '0.00000', 'PYUSD': '0.00000000', 'QTUM': '0.0000000400', 'RARE': '0.0000000000', 'RARI': '0.0000000000', 'RNDR': '0.0000000000', 'ROOK': '0.0000000000', 'RUNE': '0.0000000000', 'SAMO': '0.00000000', 'SBR': '0.00000000', 'SC': '0.0000000000', 'SCRT': '0.00000000', 'SCRT.S': '0.02872664', 'SHIB': '0.00000', 'SOL': '0.0000000000', 'SOL.F': '0.0000000225', 'SOL.S': '0.0001199506', 'SPELL': '0.0000000000', 'STEP': '0.00000000', 'STG': '0.00001', 'STX': '0.00000', 'SUSHI': '0.0000000000', 'T': '0.0000000000', 'TBTC': '0.0000000000', 'TEER': '0.00000000', 'TIA': '0.000000', 'TLM': '0.0000000000', 'TRX': '0.00000000', 'TVK': '0.0000000000', 'UNI': '0.0000000000', 'USDC': '0.00000000', 'USDC.F': '0.00005239', 'WIF': '0.00000', 'XBT.M': '0.0000000085', 'XETC': '0.0000000000', 'XLTC': '0.0000000000', 'XRT': '0.0000000000', 'XXBT': '0.0000000000', 'XXDG': '0.00000000', 'XXMR': '0.0000000000', 'XXRP': '0.00000000', 'YGG': '0.0000000000', 'ZEUR': '85.9382', 'ZRX': '0.0000000000', 'ZUSD': '0.0000'}}
2024-12-27 18:04:07,339 - INFO - Valid balance: {'CQT': 136.43071877}
2024-12-27 18:04:07,402 - DEBUG - https://api.kraken.com:443 "GET /0/public/Ticker?pair=CQTEUR HTTP/11" 200 None
2024-12-27 18:04:07,417 - INFO - Fetching order history for CQTEUR...
2024-12-27 18:04:07,730 - DEBUG - https://api.kraken.com:443 "POST /0/private/TradesHistory HTTP/11" 200 None
2024-12-27 18:04:07,761 - WARNING - No buy price found for CQTEUR.
2024-12-27 18:04:08,011 - DEBUG - https://api.kraken.com:443 "GET /0/public/Ticker?pair=CQTEUR HTTP/11" 200 None
2024-12-27 18:04:08,058 - INFO - GUI initialized. Starting main loop...
2024-12-27 18:04:21,297 - INFO - Portfolio exported to CSV.
